0 info it worked if it ends with ok
1 verbose cli [ '/usr/local/Cellar/node/6.3.1/bin/node',
1 verbose cli   '/usr/local/bin/npm',
1 verbose cli   'run',
1 verbose cli   'lintMaterial' ]
2 info using npm@3.10.3
3 info using node@v6.3.1
4 verbose run-script [ 'prelintMaterial', 'lintMaterial', 'postlintMaterial' ]
5 info lifecycle storybook-addon-material-ui@0.7.3~prelintMaterial: storybook-addon-material-ui@0.7.3
6 silly lifecycle storybook-addon-material-ui@0.7.3~prelintMaterial: no script for prelintMaterial, continuing
7 info lifecycle storybook-addon-material-ui@0.7.3~lintMaterial: storybook-addon-material-ui@0.7.3
8 verbose lifecycle storybook-addon-material-ui@0.7.3~lintMaterial: unsafe-perm in lifecycle true
9 verbose lifecycle storybook-addon-material-ui@0.7.3~lintMaterial: PATH: /usr/local/lib/node_modules/npm/bin/node-gyp-bin:/Users/Puroof/storybook-addon-material-ui/node_modules/.bin:/usr/local/Cellar/node/6.3.1/bin:/opt/local/bin:/opt/local/sbin:/usr/bin:/bin:/usr/sbin:/sbin:/usr/local/bin:/usr/X11/bin
10 verbose lifecycle storybook-addon-material-ui@0.7.3~lintMaterial: CWD: /Users/Puroof/storybook-addon-material-ui
11 silly lifecycle storybook-addon-material-ui@0.7.3~lintMaterial: Args: [ '-c', 'eslint example/LoremMaterial --ext .jsx --ext .js' ]
12 silly lifecycle storybook-addon-material-ui@0.7.3~lintMaterial: Returned: code: 1  signal: null
13 info lifecycle storybook-addon-material-ui@0.7.3~lintMaterial: Failed to exec lintMaterial script
14 verbose stack Error: storybook-addon-material-ui@0.7.3 lintMaterial: `eslint example/LoremMaterial --ext .jsx --ext .js`
14 verbose stack Exit status 1
14 verbose stack     at EventEmitter.<anonymous> (/usr/local/lib/node_modules/npm/lib/utils/lifecycle.js:242:16)
14 verbose stack     at emitTwo (events.js:106:13)
14 verbose stack     at EventEmitter.emit (events.js:191:7)
14 verbose stack     at ChildProcess.<anonymous> (/usr/local/lib/node_modules/npm/lib/utils/spawn.js:40:14)
14 verbose stack     at emitTwo (events.js:106:13)
14 verbose stack     at ChildProcess.emit (events.js:191:7)
14 verbose stack     at maybeClose (internal/child_process.js:852:16)
14 verbose stack     at Process.ChildProcess._handle.onexit (internal/child_process.js:215:5)
15 verbose pkgid storybook-addon-material-ui@0.7.3
16 verbose cwd /Users/Puroof/storybook-addon-material-ui
17 error Darwin 16.0.0
18 error argv "/usr/local/Cellar/node/6.3.1/bin/node" "/usr/local/bin/npm" "run" "lintMaterial"
19 error node v6.3.1
20 error npm  v3.10.3
21 error code ELIFECYCLE
22 error storybook-addon-material-ui@0.7.3 lintMaterial: `eslint example/LoremMaterial --ext .jsx --ext .js`
22 error Exit status 1
23 error Failed at the storybook-addon-material-ui@0.7.3 lintMaterial script 'eslint example/LoremMaterial --ext .jsx --ext .js'.
23 error Make sure you have the latest version of node.js and npm installed.
23 error If you do, this is most likely a problem with the storybook-addon-material-ui package,
23 error not with npm itself.
23 error Tell the author that this fails on your system:
23 error     eslint example/LoremMaterial --ext .jsx --ext .js
23 error You can get information on how to open an issue for this project with:
23 error     npm bugs storybook-addon-material-ui
23 error Or if that isn't available, you can get their info via:
23 error     npm owner ls storybook-addon-material-ui
23 error There is likely additional logging output above.
24 verbose exit [ 1, true ]
